c:\sdl\курсач\x64\release\vc141.pdb
c:\sdl\курсач\x64\release\texture.obj
c:\sdl\курсач\x64\release\source.obj
c:\sdl\курсач\x64\release\object.obj
c:\sdl\курсач\x64\release\menu.obj
c:\sdl\курсач\x64\release\map.obj
c:\sdl\курсач\x64\release\game.obj
c:\sdl\курсач\x64\release\sdlproject.exe
c:\sdl\курсач\x64\release\sdlproject.pdb
c:\sdl\курсач\x64\release\sdlproject.ipdb
c:\sdl\курсач\x64\release\sdlproject.iobj
c:\sdl\курсач\x64\release\nativecodeanalysis.read.1.tlog
c:\sdl\курсач\x64\release\game.nativecodeanalysis.xml
c:\sdl\курсач\x64\release\map.nativecodeanalysis.xml
c:\sdl\курсач\x64\release\menu.nativecodeanalysis.xml
c:\sdl\курсач\x64\release\object.nativecodeanalysis.xml
c:\sdl\курсач\x64\release\source.nativecodeanalysis.xml
c:\sdl\курсач\x64\release\texture.nativecodeanalysis.xml
c:\sdl\курсач\x64\release\vc.nativecodeanalysis.all.xml
c:\sdl\курсач\x64\release\sdlproject.exe.lastcodeanalysissucceeded
c:\sdl\курсач\x64\release\sdlproject.tlog\cl.command.1.tlog
c:\sdl\курсач\x64\release\sdlproject.tlog\cl.read.1.tlog
c:\sdl\курсач\x64\release\sdlproject.tlog\cl.write.1.tlog
c:\sdl\курсач\x64\release\sdlproject.tlog\link.command.1.tlog
c:\sdl\курсач\x64\release\sdlproject.tlog\link.read.1.tlog
c:\sdl\курсач\x64\release\sdlproject.tlog\link.write.1.tlog
c:\sdl\курсач\x64\release\sdlproject.tlog\sdlproject.write.1u.tlog
